Using pre-set license
Built from '2020.3/staging' branch; Version is '2020.3.20f1 (41c4e627c95f) revision 4310246'; Using compiler version '192528614'; Build Type 'Release'
OS: 'Windows 10 Home Single Language; OS build 19042.1237; Version 2009; 64bit' Language: 'en' Physical Memory: 8106 MB
BatchMode: 1, IsHumanControllingUs: 0, StartBugReporterOnCrash: 0, Is64bit: 1, IsPro: 0

COMMAND LINE ARGUMENTS:
C:\Program Files\Unity\Hub\Editor\2020.3.20f1\Editor\Unity.exe
-adb2
-batchMode
-noUpm
-name
AssetImportWorker0
-projectPath
C:/Users/trand/Project/HardBlockPuzzle/Hard block puzzle
-logFile
Logs/AssetImportWorker0.log
-srvPort
50150
Successfully changed project path to: C:/Users/trand/Project/HardBlockPuzzle/Hard block puzzle
C:/Users/trand/Project/HardBlockPuzzle/Hard block puzzle
Using Asset Import Pipeline V2.
Refreshing native plugins compatible for Editor in 87.53 ms, found 3 plugins.
Preloading 0 native plugins for Editor in 0.00 ms.
Initialize engine version: 2020.3.20f1 (41c4e627c95f)
[Subsystems] Discovering subsystems at path C:/Program Files/Unity/Hub/Editor/2020.3.20f1/Editor/Data/Resources/UnitySubsystems
[Subsystems] Discovering subsystems at path C:/Users/trand/Project/HardBlockPuzzle/Hard block puzzle/Assets
GfxDevice: creating device client; threaded=0
Direct3D:
    Version:  Direct3D 11.0 [level 11.1]
    Renderer: Intel(R) HD Graphics 620 (ID=0x5916)
    Vendor:   
    VRAM:     4053 MB
    Driver:   26.20.100.7925
Initialize mono
Mono path[0] = 'C:/Program Files/Unity/Hub/Editor/2020.3.20f1/Editor/Data/Managed'
Mono path[1] = 'C:/Program Files/Unity/Hub/Editor/2020.3.20f1/Editor/Data/MonoBleedingEdge/lib/mono/unityjit'
Mono config path = 'C:/Program Files/Unity/Hub/Editor/2020.3.20f1/Editor/Data/MonoBleedingEdge/etc'
Using monoOptions --debugger-agent=transport=dt_socket,embedding=1,server=y,suspend=n,address=127.0.0.1:56300
Begin MonoManager ReloadAssembly
Registering precompiled unity dll's ...
Register platform support module: C:/Program Files/Unity/Hub/Editor/2020.3.20f1/Editor/Data/PlaybackEngines/WindowsStandaloneSupport/UnityEditor.WindowsStandalone.Extensions.dll
Registered in 0.003604 seconds.
Native extension for WindowsStandalone target not found
Refreshing native plugins compatible for Editor in 78.31 ms, found 3 plugins.
Preloading 0 native plugins for Editor in 0.00 ms.
Mono: successfully reloaded assembly
- Completed reload, in  2.178 seconds
Domain Reload Profiling:
	ReloadAssembly (2178ms)
		BeginReloadAssembly (166ms)
			ExecutionOrderSort (0ms)
			DisableScriptedObjects (0ms)
			BackupInstance (0ms)
			ReleaseScriptingObjects (0ms)
			CreateAndSetChildDomain (1ms)
		EndReloadAssembly (816ms)
			LoadAssemblies (161ms)
			RebuildTransferFunctionScriptingTraits (0ms)
			SetupTypeCache (318ms)
			ReleaseScriptCaches (0ms)
			RebuildScriptCaches (66ms)
			SetupLoadedEditorAssemblies (300ms)
				LogAssemblyErrors (0ms)
				InitializePlatformSupportModulesInManaged (6ms)
				SetLoadedEditorAssemblies (0ms)
				RefreshPlugins (78ms)
				BeforeProcessingInitializeOnLoad (13ms)
				ProcessInitializeOnLoadAttributes (148ms)
				ProcessInitializeOnLoadMethodAttributes (54ms)
				AfterProcessingInitializeOnLoad (0ms)
				EditorAssembliesLoaded (0ms)
			ExecutionOrderSort2 (0ms)
			AwakeInstancesAfterBackupRestoration (0ms)
Platform modules already initialized, skipping
Registering precompiled user dll's ...
Registered in 0.006356 seconds.
Begin MonoManager ReloadAssembly
Native extension for WindowsStandalone target not found
Refreshing native plugins compatible for Editor in 78.52 ms, found 3 plugins.
Preloading 0 native plugins for Editor in 0.00 ms.
Mono: successfully reloaded assembly
- Completed reload, in  2.346 seconds
Domain Reload Profiling:
	ReloadAssembly (2348ms)
		BeginReloadAssembly (310ms)
			ExecutionOrderSort (0ms)
			DisableScriptedObjects (6ms)
			BackupInstance (0ms)
			ReleaseScriptingObjects (0ms)
			CreateAndSetChildDomain (28ms)
		EndReloadAssembly (1904ms)
			LoadAssemblies (178ms)
			RebuildTransferFunctionScriptingTraits (0ms)
			SetupTypeCache (725ms)
			ReleaseScriptCaches (1ms)
			RebuildScriptCaches (100ms)
			SetupLoadedEditorAssemblies (662ms)
				LogAssemblyErrors (0ms)
				InitializePlatformSupportModulesInManaged (9ms)
				SetLoadedEditorAssemblies (0ms)
				RefreshPlugins (79ms)
				BeforeProcessingInitializeOnLoad (136ms)
				ProcessInitializeOnLoadAttributes (400ms)
				ProcessInitializeOnLoadMethodAttributes (23ms)
				AfterProcessingInitializeOnLoad (14ms)
				EditorAssembliesLoaded (0ms)
			ExecutionOrderSort2 (0ms)
			AwakeInstancesAfterBackupRestoration (10ms)
Platform modules already initialized, skipping
========================================================================
Worker process is ready to serve import requests
Launched and connected shader compiler UnityShaderCompiler.exe after 0.14 seconds
Refreshing native plugins compatible for Editor in 0.91 ms, found 3 plugins.
Preloading 0 native plugins for Editor in 0.00 ms.
Unloading 2093 Unused Serialized files (Serialized files now loaded: 0)
System memory in use before: 93.1 MB.
System memory in use after: 93.2 MB.

Unloading 26 unused Assets to reduce memory usage. Loaded Objects now: 2532.
Total: 4.184900 ms (FindLiveObjects: 0.219500 ms CreateObjectMapping: 0.096000 ms MarkObjects: 3.721300 ms  DeleteObjects: 0.146400 ms)

AssetImportParameters requested are different than current active one (requested -> active):
  custom:framework-win-MediaFoundation: 216162199b28c13a410421893ffa2e32 -> 
  custom:video-decoder-ogg-theora: a1e56fd34408186e4bbccfd4996cb3dc -> 
  custom:container-muxer-webm: aa71ff27fc2769a1b78a27578f13a17b -> 
  custom:container-demuxer-webm: 4f35f7cbe854078d1ac9338744f61a02 -> 
  custom:container-demuxer-ogg: 62fdf1f143b41e24485cea50d1cbac27 -> 
  custom:video-encoder-webm-vp8: eb34c28f22e8b96e1ab97ce403110664 -> 
  custom:video-decoder-webm-vp8: 9c59270c3fd7afecdb556c50c9e8de78 -> 
  custom:audio-decoder-ogg-vorbis: bf7c407c2cedff20999df2af8eb42d56 -> 
  custom:audio-encoder-webm-vorbis: bf7c407c2cedff20999df2af8eb42d56 -> 
========================================================================
Received Import Request.
  path: Assets/Image/map.png
  artifactKey: Guid(4bb714ef7b36d964bba7039a4b96d402) Importer(815301076,1909f56bfc062723c751e8b465ee728b)
Start importing Assets/Image/map.png using Guid(4bb714ef7b36d964bba7039a4b96d402) Importer(815301076,1909f56bfc062723c751e8b465ee728b)  -> (artifact id: '1621ba5a36bfc584f9c10c96ef04bb39') in 0.212304 seconds 
  Import took 0.219445 seconds .

========================================================================
Received Import Request.
  Time since last request: 182.636391 seconds.
  path: Assets/Image/map.png
  artifactKey: Guid(4bb714ef7b36d964bba7039a4b96d402) Importer(815301076,1909f56bfc062723c751e8b465ee728b)
Start importing Assets/Image/map.png using Guid(4bb714ef7b36d964bba7039a4b96d402) Importer(815301076,1909f56bfc062723c751e8b465ee728b)  -> (artifact id: '286bef672767b5b599735dea182fee84') in 0.047862 seconds 
  Import took 0.061946 seconds .

========================================================================
Received Import Request.
  Time since last request: 13702.875129 seconds.
  path: Assets/Image/HUDbase.png
  artifactKey: Guid(fa73532a521363b42a00c4f954474633) Importer(815301076,1909f56bfc062723c751e8b465ee728b)
Start importing Assets/Image/HUDbase.png using Guid(fa73532a521363b42a00c4f954474633) Importer(815301076,1909f56bfc062723c751e8b465ee728b)  -> (artifact id: '842cf87535936d6af864c1ea7f8a422f') in 0.047514 seconds 
  Import took 0.060563 seconds .

========================================================================
Received Import Request.
  Time since last request: 6.145736 seconds.
  path: Assets/Image/HUDbase.png
  artifactKey: Guid(fa73532a521363b42a00c4f954474633) Importer(815301076,1909f56bfc062723c751e8b465ee728b)
Start importing Assets/Image/HUDbase.png using Guid(fa73532a521363b42a00c4f954474633) Importer(815301076,1909f56bfc062723c751e8b465ee728b)  -> (artifact id: 'b928e3610d054473683dfab52fee2a0f') in 0.035593 seconds 
  Import took 0.050484 seconds .

========================================================================
Received Import Request.
  Time since last request: 8.911946 seconds.
  path: Assets/Image/HUDbase.png
  artifactKey: Guid(fa73532a521363b42a00c4f954474633) Importer(815301076,1909f56bfc062723c751e8b465ee728b)
Start importing Assets/Image/HUDbase.png using Guid(fa73532a521363b42a00c4f954474633) Importer(815301076,1909f56bfc062723c751e8b465ee728b)  -> (artifact id: '294908619a9a7b48e1817594b8ed90d8') in 0.069492 seconds 
  Import took 0.075244 seconds .

========================================================================
Received Import Request.
  Time since last request: 874.993734 seconds.
  path: Assets/Image/castledoors.png
  artifactKey: Guid(e2419a9b7dd611a4bb39134fc10f846b) Importer(815301076,1909f56bfc062723c751e8b465ee728b)
Start importing Assets/Image/castledoors.png using Guid(e2419a9b7dd611a4bb39134fc10f846b) Importer(815301076,1909f56bfc062723c751e8b465ee728b)  -> (artifact id: 'abed06323a45f21e3108db1d3ff9c623') in 0.038772 seconds 
  Import took 0.061719 seconds .

========================================================================
Received Import Request.
  Time since last request: 366.733575 seconds.
  path: Assets/Image/Chain Railing.png
  artifactKey: Guid(a30b716c34d0fe745910e3618ba8b81d) Importer(815301076,1909f56bfc062723c751e8b465ee728b)
Start importing Assets/Image/Chain Railing.png using Guid(a30b716c34d0fe745910e3618ba8b81d) Importer(815301076,1909f56bfc062723c751e8b465ee728b)  -> (artifact id: '806610f039787d6a5edcd00da60bcbe6') in 0.048953 seconds 
  Import took 0.056098 seconds .

========================================================================
Received Import Request.
  Time since last request: 10.825499 seconds.
  path: Assets/Image/Chain Railing.png
  artifactKey: Guid(a30b716c34d0fe745910e3618ba8b81d) Importer(815301076,1909f56bfc062723c751e8b465ee728b)
Start importing Assets/Image/Chain Railing.png using Guid(a30b716c34d0fe745910e3618ba8b81d) Importer(815301076,1909f56bfc062723c751e8b465ee728b)  -> (artifact id: '3925b5f094a5425ad5130e5630e262e2') in 0.041190 seconds 
  Import took 0.049640 seconds .

========================================================================
Received Import Request.
  Time since last request: 11.479755 seconds.
  path: Assets/Image/Chain Railing.png
  artifactKey: Guid(a30b716c34d0fe745910e3618ba8b81d) Importer(815301076,1909f56bfc062723c751e8b465ee728b)
Start importing Assets/Image/Chain Railing.png using Guid(a30b716c34d0fe745910e3618ba8b81d) Importer(815301076,1909f56bfc062723c751e8b465ee728b)  -> (artifact id: '6872c0692657b4408b53dee341b4c0d7') in 0.078072 seconds 
  Import took 0.085897 seconds .

========================================================================
Received Import Request.
  Time since last request: 372.479249 seconds.
  path: Assets/Image/Button.png
  artifactKey: Guid(f1fad06cb14d5554a8936df6bff49e0a) Importer(815301076,1909f56bfc062723c751e8b465ee728b)
Start importing Assets/Image/Button.png using Guid(f1fad06cb14d5554a8936df6bff49e0a) Importer(815301076,1909f56bfc062723c751e8b465ee728b)  -> (artifact id: '87b0f1c99b04cea1ef95f075b595fa49') in 0.059045 seconds 
  Import took 0.095407 seconds .

========================================================================
Received Import Request.
  Time since last request: 88.084222 seconds.
  path: Assets/Image/Button.png
  artifactKey: Guid(f1fad06cb14d5554a8936df6bff49e0a) Importer(815301076,1909f56bfc062723c751e8b465ee728b)
Start importing Assets/Image/Button.png using Guid(f1fad06cb14d5554a8936df6bff49e0a) Importer(815301076,1909f56bfc062723c751e8b465ee728b)  -> (artifact id: 'a9f9bb785339983725531bc0b23ac68f') in 0.051011 seconds 
  Import took 0.082028 seconds .

========================================================================
Received Import Request.
  Time since last request: 313.140894 seconds.
  path: Assets/Image/Button.png
  artifactKey: Guid(f1fad06cb14d5554a8936df6bff49e0a) Importer(815301076,1909f56bfc062723c751e8b465ee728b)
Start importing Assets/Image/Button.png using Guid(f1fad06cb14d5554a8936df6bff49e0a) Importer(815301076,1909f56bfc062723c751e8b465ee728b)  -> (artifact id: 'b306b4e32518f0f30818f26ecbc227e6') in 0.119576 seconds 
  Import took 0.132846 seconds .

